<?xml version="1.0" encoding="UTF-8"?>
<!-- Generated by org.testng.reporters.JUnitReportReporter -->
<testsuite skipped="0" hostname="DESKTOP-B1PCSQA" name="E2EPractice.CheckboxesPage" tests="1" failures="0" timestamp="13 Sep 2021 06:59:31 GMT" time="0.518" errors="0">
  <testcase name="checboxesValidation" time="0.518" classname="E2EPractice.CheckboxesPage"/>
</testsuite> <!-- E2EPractice.CheckboxesPage -->
