<?xml version="1.0" encoding="UTF-8"?>
<!-- Generated by org.testng.reporters.JUnitReportReporter -->
<testsuite skipped="0" hostname="DESKTOP-B1PCSQA" name="E2EPractice.BasicAuthPageValidation" tests="1" failures="0" timestamp="15 Sep 2021 06:26:19 GMT" time="1.257" errors="0">
  <testcase name="authPageValidation" time="1.257" classname="E2EPractice.BasicAuthPageValidation"/>
</testsuite> <!-- E2EPractice.BasicAuthPageValidation -->
