<?xml version="1.0" encoding="UTF-8"?>
<!-- Generated by org.testng.reporters.JUnitReportReporter -->
<testsuite skipped="0" hostname="DESKTOP-B1PCSQA" name="E2EPractice.DropdownPageValidation" tests="1" failures="0" timestamp="13 Sep 2021 10:45:02 GMT" time="4.885" errors="0">
  <testcase name="dropdownValidation" time="4.885" classname="E2EPractice.DropdownPageValidation"/>
</testsuite> <!-- E2EPractice.DropdownPageValidation -->
