<?xml version="1.0" encoding="UTF-8"?>
<!-- Generated by org.testng.reporters.JUnitReportReporter -->
<testsuite skipped="0" hostname="DESKTOP-B1PCSQA" name="E2EPractice.LoginPageValidation" tests="1" failures="0" timestamp="14 Sep 2021 07:04:22 GMT" time="8.153" errors="0">
  <testcase name="loginValidation" time="8.153" classname="E2EPractice.LoginPageValidation"/>
</testsuite> <!-- E2EPractice.LoginPageValidation -->
