<?xml version="1.0" encoding="UTF-8"?>
<!-- Generated by org.testng.reporters.JUnitReportReporter -->
<testsuite skipped="0" hostname="DESKTOP-B1PCSQA" name="E2EPractice.CheckboxesPageValidation" tests="1" failures="0" timestamp="13 Sep 2021 10:45:02 GMT" time="6.652" errors="0">
  <testcase name="checboxesValidation" time="6.652" classname="E2EPractice.CheckboxesPageValidation"/>
</testsuite> <!-- E2EPractice.CheckboxesPageValidation -->
