<?xml version="1.0" encoding="UTF-8"?>
<!-- Generated by org.testng.reporters.JUnitReportReporter -->
<testsuite skipped="0" hostname="DESKTOP-B1PCSQA" name="E2EPractice.HoversPageValidation" tests="1" failures="0" timestamp="14 Sep 2021 08:21:03 GMT" time="6.138" errors="0">
  <testcase name="hoversValidation" time="6.138" classname="E2EPractice.HoversPageValidation"/>
</testsuite> <!-- E2EPractice.HoversPageValidation -->
