<?xml version="1.0" encoding="UTF-8"?>
<!-- Generated by org.testng.reporters.JUnitReportReporter -->
<testsuite skipped="0" hostname="DESKTOP-B1PCSQA" name="E2EPractice.CheckboxesPageValidation" tests="1" failures="0" timestamp="2021-09-13T16:37:09 IST" time="6.922" errors="0">
  <testcase name="checboxesValidation" time="6.922" classname="E2EPractice.CheckboxesPageValidation"/>
  <system-out/>
</testsuite> <!-- E2EPractice.CheckboxesPageValidation -->
